

Microchip MPLAB XC8 Assembler V2.46 build 20240104201356 
                                                                                               Thu May 09 16:14:24 2024

Microchip MPLAB XC8 C Compiler v2.46 (Free license) build 20240104201356 Og1 
     1                           	processor	18F4620
     2                           	fnconf	rparam,??,?,0
     3                           	pagewidth 120
     4                           	opt	flic
     5                           	psect	idataCOMRAM,global,class=CODE,delta=1,noexec
     6                           	psect	nvCOMRAM,global,class=COMRAM,space=1,delta=1,lowdata,noexec
     7                           	psect	cinit,global,reloc=2,class=CODE,delta=1
     8                           	psect	bssCOMRAM,global,class=COMRAM,space=1,delta=1,lowdata,noexec
     9                           	psect	dataCOMRAM,global,class=COMRAM,space=1,delta=1,lowdata,noexec
    10                           	psect	cstackCOMRAM,global,class=COMRAM,space=1,delta=1,lowdata,noexec
    11                           	psect	text0,global,reloc=2,class=CODE,delta=1
    12                           	psect	text1,global,reloc=2,class=CODE,delta=1
    13                           	psect	text2,global,reloc=2,class=CODE,delta=1
    14                           	psect	smallconst,global,reloc=2,class=SMALLCONST,delta=1,noexec
    15                           	psect	intsave_regs,global,class=BIGRAM,space=1,delta=1,noexec
    16                           	psect	rparam,global,class=COMRAM,space=1,delta=1,noexec
    17                           	psect	config,global,abs,ovrld,class=CONFIG,space=4,delta=1,noexec
    18   000000                     
    19                           ; Generated 17/10/2023 GMT
    20                           ; 
    21                           ; Copyright © 2023, Microchip Technology Inc. and its subsidiaries ("Microchip")
    22                           ; All rights reserved.
    23                           ; 
    24                           ; This software is developed by Microchip Technology Inc. and its subsidiaries ("Microch
      +                          ip").
    25                           ; 
    26                           ; Redistribution and use in source and binary forms, with or without modification, are
    27                           ; permitted provided that the following conditions are met:
    28                           ; 
    29                           ;     1. Redistributions of source code must retain the above copyright notice, this lis
      +                          t of
    30                           ;        conditions and the following disclaimer.
    31                           ; 
    32                           ;     2. Redistributions in binary form must reproduce the above copyright notice, this 
      +                          list
    33                           ;        of conditions and the following disclaimer in the documentation and/or other
    34                           ;        materials provided with the distribution. Publication is not required when
    35                           ;        this file is used in an embedded application.
    36                           ; 
    37                           ;     3. Microchip's name may not be used to endorse or promote products derived from th
      +                          is
    38                           ;        software without specific prior written permission.
    39                           ; 
    40                           ; THIS SOFTWARE IS PROVIDED BY MICROCHIP "AS IS" AND ANY EXPRESS OR IMPLIED WARRANTIES,
    41                           ; INCLUDING, BUT NOT LIMITED TO, THE IMPLIED WARRANTIES OF MERCHANTABILITY AND FITNESS F
      +                          OR
    42                           ; PURPOSE ARE DISCLAIMED.  IN NO EVENT SHALL MICROCHIP BE LIABLE FOR ANY DIRECT, INDIREC
      +                          T,
    43                           ; INCIDENTAL, SPECIAL, EXEMPLARY, OR CONSEQUENTIAL DAMAGES (INCLUDING BUT NOT LIMITED TO
    44                           ; PROCUREMENT OF SUBSTITUTE GOODS OR SERVICES; LOSS OF USE, DATA OR PROFITS; OR BUSINESS
    45                           ; INTERRUPTION) HOWSOEVER CAUSED AND ON ANY THEORY OF LIABILITY, WHETHER IN CONTRACT, ST
      +                          RICT
    46                           ; LIABILITY, OR TORT (INCLUDING NEGLIGENCE OR OTHERWISE) ARISING IN ANY WAY OUT OF THE U
      +                          SE OF
    47                           ; THIS SOFTWARE, EVEN IF ADVISED OF THE POSSIBILITY OF SUCH DAMAGE.
    48                           ; 
    49                           ; 
    50                           ; Code-generator required, PIC18F4620 Definitions
    51                           ; 
    52                           ; SFR Addresses
    53   000000                     
    54                           	psect	idataCOMRAM
    55   00107A                     __pidataCOMRAM:
    56                           	callstack 0
    57                           
    58                           ;initializer for _port_registers
    59   00107A  80                 	db	128
    60   00107B  0F                 	db	15
    61   00107C  81                 	db	129
    62   00107D  0F                 	db	15
    63   00107E  82                 	db	130
    64   00107F  0F                 	db	15
    65   001080  83                 	db	131
    66   001081  0F                 	db	15
    67   001082  84                 	db	132
    68   001083  0F                 	db	15
    69                           
    70                           ;initializer for _lat_registers
    71   001084  89                 	db	137
    72   001085  0F                 	db	15
    73   001086  8A                 	db	138
    74   001087  0F                 	db	15
    75   001088  8B                 	db	139
    76   001089  0F                 	db	15
    77   00108A  8C                 	db	140
    78   00108B  0F                 	db	15
    79   00108C  8D                 	db	141
    80   00108D  0F                 	db	15
    81                           
    82                           ;initializer for _tris_registers
    83   00108E  92                 	db	146
    84   00108F  0F                 	db	15
    85   001090  93                 	db	147
    86   001091  0F                 	db	15
    87   001092  94                 	db	148
    88   001093  0F                 	db	15
    89   001094  95                 	db	149
    90   001095  0F                 	db	15
    91   001096  96                 	db	150
    92   001097  0F                 	db	15
    93                           
    94                           	psect	nvCOMRAM
    95   00002D                     __pnvCOMRAM:
    96                           	callstack 0
    97   00002D                     _ret:
    98                           	callstack 0
    99   00002D                     	ds	1
   100   000000                     _PORTE	set	3972
   101   000000                     _PORTD	set	3971
   102   000000                     _PORTC	set	3970
   103   000000                     _PORTB	set	3969
   104   000000                     _PORTA	set	3968
   105   000000                     _LATA	set	3977
   106   000000                     _TRISA	set	3986
   107   000000                     _TRISE	set	3990
   108   000000                     _TRISD	set	3989
   109   000000                     _TRISC	set	3988
   110   000000                     _TRISB	set	3987
   111   000000                     _LATE	set	3981
   112   000000                     _LATD	set	3980
   113   000000                     _LATC	set	3979
   114   000000                     _LATB	set	3978
   115                           
   116                           ; #config settings
   117                           
   118                           	psect	cinit
   119   001044                     __pcinit:
   120                           	callstack 0
   121   001044                     start_initialization:
   122                           	callstack 0
   123   001044                     __initialization:
   124                           	callstack 0
   125                           
   126                           ; Initialize objects allocated to COMRAM (30 bytes)
   127                           ; load TBLPTR registers with __pidataCOMRAM
   128   001044  0E7A               	movlw	low __pidataCOMRAM
   129   001046  6EF6               	movwf	tblptrl,c
   130   001048  0E10               	movlw	high __pidataCOMRAM
   131   00104A  6EF7               	movwf	tblptrh,c
   132   00104C  0E00               	movlw	low (__pidataCOMRAM shr (0+16))
   133   00104E  6EF8               	movwf	tblptru,c
   134   001050  EE00  F001         	lfsr	0,__pdataCOMRAM
   135   001054  EE10 F01E          	lfsr	1,30
   136   001058                     copy_data0:
   137   001058  0009               	tblrd		*+
   138   00105A  CFF5 FFEE          	movff	tablat,postinc0
   139   00105E  50E5               	movf	postdec1,w,c
   140   001060  50E1               	movf	fsr1l,w,c
   141   001062  E1FA               	bnz	copy_data0
   142                           
   143                           ; Clear objects allocated to COMRAM (9 bytes)
   144   001064  EE00  F01F         	lfsr	0,__pbssCOMRAM
   145   001068  0E09               	movlw	9
   146   00106A                     clear_0:
   147   00106A  6AEE               	clrf	postinc0,c
   148   00106C  06E8               	decf	wreg,f,c
   149   00106E  E1FD               	bnz	clear_0
   150   001070                     end_of_initialization:
   151                           	callstack 0
   152   001070                     __end_of__initialization:
   153                           	callstack 0
   154   001070  0E00               	movlw	low (__Lmediumconst shr (0+16))
   155   001072  6EF8               	movwf	tblptru,c
   156   001074  0100               	movlb	0
   157   001076  EF59  F008         	goto	_main	;jump to C main() function
   158                           
   159                           	psect	bssCOMRAM
   160   00001F                     __pbssCOMRAM:
   161                           	callstack 0
   162   00001F                     	ds	1
   163   000020                     	ds	1
   164   000021                     relay_turn_off@F2578:
   165                           	callstack 0
   166   000021                     	ds	1
   167   000022                     relay_turn_on@F2573:
   168                           	callstack 0
   169   000022                     	ds	1
   170   000023                     relay_intialize@F2568:
   171                           	callstack 0
   172   000023                     	ds	1
   173   000024                     led_turn_toggle@F2589:
   174                           	callstack 0
   175   000024                     	ds	1
   176   000025                     led_turn_off@F2584:
   177                           	callstack 0
   178   000025                     	ds	1
   179   000026                     led_turn_on@F2579:
   180                           	callstack 0
   181   000026                     	ds	1
   182   000027                     led_intialize@F2574:
   183                           	callstack 0
   184   000027                     	ds	1
   185                           
   186                           	psect	dataCOMRAM
   187   000001                     __pdataCOMRAM:
   188                           	callstack 0
   189   000001                     _port_registers:
   190                           	callstack 0
   191   000001                     	ds	10
   192   00000B                     _lat_registers:
   193                           	callstack 0
   194   00000B                     	ds	10
   195   000015                     _tris_registers:
   196                           	callstack 0
   197   000015                     	ds	10
   198                           
   199                           	psect	cstackCOMRAM
   200   000028                     __pcstackCOMRAM:
   201                           	callstack 0
   202   000028                     gpio_port_direction_intialize@direction:
   203                           	callstack 0
   204                           
   205                           ; 1 bytes @ 0x0
   206   000028                     	ds	1
   207   000029                     ??_gpio_port_direction_intialize:
   208                           
   209                           ; 1 bytes @ 0x1
   210   000029                     	ds	2
   211   00002B                     gpio_port_direction_intialize@ret:
   212                           	callstack 0
   213                           
   214                           ; 1 bytes @ 0x3
   215   00002B                     	ds	1
   216   00002C                     gpio_port_direction_intialize@port:
   217                           	callstack 0
   218                           
   219                           ; 1 bytes @ 0x4
   220   00002C                     	ds	1
   221   00002D                     
   222                           ; 1 bytes @ 0x5
   223 ;;
   224 ;;Main: autosize = 0, tempsize = 0, incstack = 0, save=0
   225 ;;
   226 ;; *************** function _main *****************
   227 ;; Defined at:
   228 ;;		line 22 in file "application.c"
   229 ;; Parameters:    Size  Location     Type
   230 ;;		None
   231 ;; Auto vars:     Size  Location     Type
   232 ;;		None
   233 ;; Return value:  Size  Location     Type
   234 ;;                  2  210[None  ] int 
   235 ;; Registers used:
   236 ;;		wreg, fsr2l, fsr2h, status,2, status,0, prodl, prodh, cstack
   237 ;; Tracked objects:
   238 ;;		On entry : 0/0
   239 ;;		On exit  : 0/0
   240 ;;		Unchanged: 0/0
   241 ;; Data sizes:     COMRAM   BANK0   BANK1   BANK2   BANK3   BANK4   BANK5   BANK6   BANK7   BANK8   BANK9  BANK10  BANK1
      +1  BANK12  BANK13  BANK14  BANK15
   242 ;;      Params:         0       0       0       0       0       0       0       0       0       0       0       0       
      +0       0       0       0       0
   243 ;;      Locals:         0       0       0       0       0       0       0       0       0       0       0       0       
      +0       0       0       0       0
   244 ;;      Temps:          0       0       0       0       0       0       0       0       0       0       0       0       
      +0       0       0       0       0
   245 ;;      Totals:         0       0       0       0       0       0       0       0       0       0       0       0       
      +0       0       0       0       0
   246 ;;Total ram usage:        0 bytes
   247 ;; Hardware stack levels required when called: 2
   248 ;; This function calls:
   249 ;;		_application_intialize
   250 ;; This function is called by:
   251 ;;		Startup code after reset
   252 ;; This function uses a non-reentrant model
   253 ;;
   254                           
   255                           	psect	text0
   256   0010B2                     __ptext0:
   257                           	callstack 0
   258   0010B2                     _main:
   259                           	callstack 29
   260   0010B2                     
   261                           ;application.c: 23:     application_intialize();
   262   0010B2  EC4C  F008         	call	_application_intialize	;wreg free
   263   0010B6                     l211:
   264   0010B6  EF5B  F008         	goto	l211
   265   0010BA  EF00  F000         	goto	start
   266   0010BE                     __end_of_main:
   267                           	callstack 0
   268                           
   269 ;; *************** function _application_intialize *****************
   270 ;; Defined at:
   271 ;;		line 29 in file "application.c"
   272 ;; Parameters:    Size  Location     Type
   273 ;;		None
   274 ;; Auto vars:     Size  Location     Type
   275 ;;		None
   276 ;; Return value:  Size  Location     Type
   277 ;;                  1    wreg      void 
   278 ;; Registers used:
   279 ;;		wreg, fsr2l, fsr2h, status,2, status,0, prodl, prodh, cstack
   280 ;; Tracked objects:
   281 ;;		On entry : 0/0
   282 ;;		On exit  : 0/0
   283 ;;		Unchanged: 0/0
   284 ;; Data sizes:     COMRAM   BANK0   BANK1   BANK2   BANK3   BANK4   BANK5   BANK6   BANK7   BANK8   BANK9  BANK10  BANK1
      +1  BANK12  BANK13  BANK14  BANK15
   285 ;;      Params:         0       0       0       0       0       0       0       0       0       0       0       0       
      +0       0       0       0       0
   286 ;;      Locals:         0       0       0       0       0       0       0       0       0       0       0       0       
      +0       0       0       0       0
   287 ;;      Temps:          0       0       0       0       0       0       0       0       0       0       0       0       
      +0       0       0       0       0
   288 ;;      Totals:         0       0       0       0       0       0       0       0       0       0       0       0       
      +0       0       0       0       0
   289 ;;Total ram usage:        0 bytes
   290 ;; Hardware stack levels used: 1
   291 ;; Hardware stack levels required when called: 1
   292 ;; This function calls:
   293 ;;		_gpio_port_direction_intialize
   294 ;; This function is called by:
   295 ;;		_main
   296 ;; This function uses a non-reentrant model
   297 ;;
   298                           
   299                           	psect	text1
   300   001098                     __ptext1:
   301                           	callstack 0
   302   001098                     _application_intialize:
   303                           	callstack 29
   304   001098                     
   305                           ;application.c: 30:     ret = gpio_port_direction_intialize(PORTC_INDEX,0x80);
   306   001098  0E80               	movlw	128
   307   00109A  6E28               	movwf	gpio_port_direction_intialize@direction^0,c
   308   00109C  0E02               	movlw	2
   309   00109E  EC01  F008         	call	_gpio_port_direction_intialize
   310   0010A2  6E2D               	movwf	_ret^0,c
   311                           
   312                           ;application.c: 31:     ret = gpio_port_direction_intialize(PORTD_INDEX,0x80);
   313   0010A4  0E80               	movlw	128
   314   0010A6  6E28               	movwf	gpio_port_direction_intialize@direction^0,c
   315   0010A8  0E03               	movlw	3
   316   0010AA  EC01  F008         	call	_gpio_port_direction_intialize
   317   0010AE  6E2D               	movwf	_ret^0,c
   318   0010B0  0012               	return		;funcret
   319   0010B2                     __end_of_application_intialize:
   320                           	callstack 0
   321                           
   322 ;; *************** function _gpio_port_direction_intialize *****************
   323 ;; Defined at:
   324 ;;		line 155 in file "MCAL_Layer/GPIO/hal_gpio.c"
   325 ;; Parameters:    Size  Location     Type
   326 ;;  port            1    wreg     enum E2512
   327 ;;  direction       1    0[COMRAM] unsigned char 
   328 ;; Auto vars:     Size  Location     Type
   329 ;;  port            1    4[COMRAM] enum E2512
   330 ;;  ret             1    3[COMRAM] unsigned char 
   331 ;; Return value:  Size  Location     Type
   332 ;;                  1    wreg      unsigned char 
   333 ;; Registers used:
   334 ;;		wreg, fsr2l, fsr2h, status,2, status,0, prodl, prodh
   335 ;; Tracked objects:
   336 ;;		On entry : 0/0
   337 ;;		On exit  : 0/0
   338 ;;		Unchanged: 0/0
   339 ;; Data sizes:     COMRAM   BANK0   BANK1   BANK2   BANK3   BANK4   BANK5   BANK6   BANK7   BANK8   BANK9  BANK10  BANK1
      +1  BANK12  BANK13  BANK14  BANK15
   340 ;;      Params:         1       0       0       0       0       0       0       0       0       0       0       0       
      +0       0       0       0       0
   341 ;;      Locals:         2       0       0       0       0       0       0       0       0       0       0       0       
      +0       0       0       0       0
   342 ;;      Temps:          2       0       0       0       0       0       0       0       0       0       0       0       
      +0       0       0       0       0
   343 ;;      Totals:         5       0       0       0       0       0       0       0       0       0       0       0       
      +0       0       0       0       0
   344 ;;Total ram usage:        5 bytes
   345 ;; Hardware stack levels used: 1
   346 ;; This function calls:
   347 ;;		Nothing
   348 ;; This function is called by:
   349 ;;		_application_intialize
   350 ;; This function uses a non-reentrant model
   351 ;;
   352                           
   353                           	psect	text2
   354   001002                     __ptext2:
   355                           	callstack 0
   356   001002                     _gpio_port_direction_intialize:
   357                           	callstack 29
   358                           
   359                           ;incstack = 0
   360                           ;gpio_port_direction_intialize@port stored from wreg
   361   001002  6E2C               	movwf	gpio_port_direction_intialize@port^0,c
   362   001004                     
   363                           ;MCAL_Layer/GPIO/hal_gpio.c: 156:     Std_ReturnType ret = (Std_ReturnType)0x01 ;
   364   001004  0E01               	movlw	1
   365   001006  6E2B               	movwf	gpio_port_direction_intialize@ret^0,c
   366   001008                     
   367                           ;MCAL_Layer/GPIO/hal_gpio.c: 157:     if(port > 5 -1){
   368   001008  0E04               	movlw	4
   369   00100A  642C               	cpfsgt	gpio_port_direction_intialize@port^0,c
   370   00100C  EF0A  F008         	goto	u551
   371   001010  EF0C  F008         	goto	u550
   372   001014                     u551:
   373   001014  EF10  F008         	goto	l1265
   374   001018                     u550:
   375   001018                     
   376                           ;MCAL_Layer/GPIO/hal_gpio.c: 158:         ret = (Std_ReturnType)0x00 ;
   377   001018  0E00               	movlw	0
   378   00101A  6E2B               	movwf	gpio_port_direction_intialize@ret^0,c
   379                           
   380                           ;MCAL_Layer/GPIO/hal_gpio.c: 159:     }else{
   381   00101C  EF20  F008         	goto	l1267
   382   001020                     l1265:
   383                           
   384                           ;MCAL_Layer/GPIO/hal_gpio.c: 160:         * tris_registers[port]=direction;
   385   001020  502C               	movf	gpio_port_direction_intialize@port^0,w,c
   386   001022  0D02               	mullw	2
   387   001024  50F3               	movf	243,w,c
   388   001026  0F15               	addlw	low _tris_registers
   389   001028  6ED9               	movwf	fsr2l,c
   390   00102A  6ADA               	clrf	fsr2h,c
   391   00102C  CFDE F029          	movff	postinc2,??_gpio_port_direction_intialize
   392   001030  CFDD F02A          	movff	postdec2,??_gpio_port_direction_intialize+1
   393   001034  C029  FFD9         	movff	??_gpio_port_direction_intialize,fsr2l
   394   001038  C02A  FFDA         	movff	??_gpio_port_direction_intialize+1,fsr2h
   395   00103C  C028  FFDF         	movff	gpio_port_direction_intialize@direction,indf2
   396   001040                     l1267:
   397                           
   398                           ;MCAL_Layer/GPIO/hal_gpio.c: 162:         return ret ;
   399   001040  502B               	movf	gpio_port_direction_intialize@ret^0,w,c
   400   001042  0012               	return		;funcret
   401   001044                     __end_of_gpio_port_direction_intialize:
   402                           	callstack 0
   403                           
   404                           	psect	smallconst
   405   001000                     __psmallconst:
   406                           	callstack 0
   407   001000  00                 	db	0
   408   001001  00                 	db	0	; dummy byte at the end
   409   000000                     
   410                           	psect	rparam
   411   000000                     
   412                           	psect	config
   413                           
   414                           ; Padding undefined space
   415   300000                     	org	3145728
   416   300000  FF                 	db	255
   417                           
   418                           ;Config register CONFIG1H @ 0x300001
   419                           ;	Oscillator Selection bits
   420                           ;	OSC = HS, HS oscillator
   421                           ;	Fail-Safe Clock Monitor Enable bit
   422                           ;	FCMEN = OFF, Fail-Safe Clock Monitor disabled
   423                           ;	Internal/External Oscillator Switchover bit
   424                           ;	IESO = OFF, Oscillator Switchover mode disabled
   425   300001                     	org	3145729
   426   300001  02                 	db	2
   427                           
   428                           ;Config register CONFIG2L @ 0x300002
   429                           ;	Power-up Timer Enable bit
   430                           ;	PWRT = OFF, PWRT disabled
   431                           ;	Brown-out Reset Enable bits
   432                           ;	BOREN = OFF, Brown-out Reset disabled in hardware and software
   433                           ;	Brown Out Reset Voltage bits
   434                           ;	BORV = 1, 
   435   300002                     	org	3145730
   436   300002  09                 	db	9
   437                           
   438                           ;Config register CONFIG2H @ 0x300003
   439                           ;	Watchdog Timer Enable bit
   440                           ;	WDT = OFF, WDT disabled (control is placed on the SWDTEN bit)
   441                           ;	Watchdog Timer Postscale Select bits
   442                           ;	WDTPS = 32768, 1:32768
   443   300003                     	org	3145731
   444   300003  1E                 	db	30
   445                           
   446                           ; Padding undefined space
   447   300004                     	org	3145732
   448   300004  FF                 	db	255
   449                           
   450                           ;Config register CONFIG3H @ 0x300005
   451                           ;	CCP2 MUX bit
   452                           ;	CCP2MX = PORTC, CCP2 input/output is multiplexed with RC1
   453                           ;	PORTB A/D Enable bit
   454                           ;	PBADEN = OFF, PORTB<4:0> pins are configured as digital I/O on Reset
   455                           ;	Low-Power Timer1 Oscillator Enable bit
   456                           ;	LPT1OSC = OFF, Timer1 configured for higher power operation
   457                           ;	MCLR Pin Enable bit
   458                           ;	MCLRE = ON, MCLR pin enabled; RE3 input pin disabled
   459   300005                     	org	3145733
   460   300005  81                 	db	129
   461                           
   462                           ;Config register CONFIG4L @ 0x300006
   463                           ;	Stack Full/Underflow Reset Enable bit
   464                           ;	STVREN = ON, Stack full/underflow will cause Reset
   465                           ;	Single-Supply ICSP Enable bit
   466                           ;	LVP = OFF, Single-Supply ICSP disabled
   467                           ;	Extended Instruction Set Enable bit
   468                           ;	XINST = OFF, Instruction set extension and Indexed Addressing mode disabled (Legacy mo
      +                          de)
   469                           ;	Background Debugger Enable bit
   470                           ;	DEBUG = 0x1, unprogrammed default
   471   300006                     	org	3145734
   472   300006  81                 	db	129
   473                           
   474                           ; Padding undefined space
   475   300007                     	org	3145735
   476   300007  FF                 	db	255
   477                           
   478                           ;Config register CONFIG5L @ 0x300008
   479                           ;	Code Protection bit
   480                           ;	CP0 = OFF, Block 0 (000800-003FFFh) not code-protected
   481                           ;	Code Protection bit
   482                           ;	CP1 = OFF, Block 1 (004000-007FFFh) not code-protected
   483                           ;	Code Protection bit
   484                           ;	CP2 = OFF, Block 2 (008000-00BFFFh) not code-protected
   485                           ;	Code Protection bit
   486                           ;	CP3 = OFF, Block 3 (00C000-00FFFFh) not code-protected
   487   300008                     	org	3145736
   488   300008  0F                 	db	15
   489                           
   490                           ;Config register CONFIG5H @ 0x300009
   491                           ;	Boot Block Code Protection bit
   492                           ;	CPB = OFF, Boot block (000000-0007FFh) not code-protected
   493                           ;	Data EEPROM Code Protection bit
   494                           ;	CPD = OFF, Data EEPROM not code-protected
   495   300009                     	org	3145737
   496   300009  C0                 	db	192
   497                           
   498                           ;Config register CONFIG6L @ 0x30000A
   499                           ;	Write Protection bit
   500                           ;	WRT0 = OFF, Block 0 (000800-003FFFh) not write-protected
   501                           ;	Write Protection bit
   502                           ;	WRT1 = OFF, Block 1 (004000-007FFFh) not write-protected
   503                           ;	Write Protection bit
   504                           ;	WRT2 = OFF, Block 2 (008000-00BFFFh) not write-protected
   505                           ;	Write Protection bit
   506                           ;	WRT3 = OFF, Block 3 (00C000-00FFFFh) not write-protected
   507   30000A                     	org	3145738
   508   30000A  0F                 	db	15
   509                           
   510                           ;Config register CONFIG6H @ 0x30000B
   511                           ;	Configuration Register Write Protection bit
   512                           ;	WRTC = OFF, Configuration registers (300000-3000FFh) not write-protected
   513                           ;	Boot Block Write Protection bit
   514                           ;	WRTB = OFF, Boot Block (000000-0007FFh) not write-protected
   515                           ;	Data EEPROM Write Protection bit
   516                           ;	WRTD = OFF, Data EEPROM not write-protected
   517   30000B                     	org	3145739
   518   30000B  E0                 	db	224
   519                           
   520                           ;Config register CONFIG7L @ 0x30000C
   521                           ;	Table Read Protection bit
   522                           ;	EBTR0 = OFF, Block 0 (000800-003FFFh) not protected from table reads executed in other
      +                           blocks
   523                           ;	Table Read Protection bit
   524                           ;	EBTR1 = OFF, Block 1 (004000-007FFFh) not protected from table reads executed in other
      +                           blocks
   525                           ;	Table Read Protection bit
   526                           ;	EBTR2 = OFF, Block 2 (008000-00BFFFh) not protected from table reads executed in other
      +                           blocks
   527                           ;	Table Read Protection bit
   528                           ;	EBTR3 = OFF, Block 3 (00C000-00FFFFh) not protected from table reads executed in other
      +                           blocks
   529   30000C                     	org	3145740
   530   30000C  0F                 	db	15
   531                           
   532                           ;Config register CONFIG7H @ 0x30000D
   533                           ;	Boot Block Table Read Protection bit
   534                           ;	EBTRB = OFF, Boot Block (000000-0007FFh) not protected from table reads executed in ot
      +                          her blocks
   535   30000D                     	org	3145741
   536   30000D  40                 	db	64
   537                           tosu	equ	0xFFF
   538                           tosh	equ	0xFFE
   539                           tosl	equ	0xFFD
   540                           stkptr	equ	0xFFC
   541                           pclatu	equ	0xFFB
   542                           pclath	equ	0xFFA
   543                           pcl	equ	0xFF9
   544                           tblptru	equ	0xFF8
   545                           tblptrh	equ	0xFF7
   546                           tblptrl	equ	0xFF6
   547                           tablat	equ	0xFF5
   548                           prodh	equ	0xFF4
   549                           prodl	equ	0xFF3
   550                           indf0	equ	0xFEF
   551                           postinc0	equ	0xFEE
   552                           postdec0	equ	0xFED
   553                           preinc0	equ	0xFEC
   554                           plusw0	equ	0xFEB
   555                           fsr0h	equ	0xFEA
   556                           fsr0l	equ	0xFE9
   557                           wreg	equ	0xFE8
   558                           indf1	equ	0xFE7
   559                           postinc1	equ	0xFE6
   560                           postdec1	equ	0xFE5
   561                           preinc1	equ	0xFE4
   562                           plusw1	equ	0xFE3
   563                           fsr1h	equ	0xFE2
   564                           fsr1l	equ	0xFE1
   565                           bsr	equ	0xFE0
   566                           indf2	equ	0xFDF
   567                           postinc2	equ	0xFDE
   568                           postdec2	equ	0xFDD
   569                           preinc2	equ	0xFDC
   570                           plusw2	equ	0xFDB
   571                           fsr2h	equ	0xFDA
   572                           fsr2l	equ	0xFD9
   573                           status	equ	0xFD8

Data Sizes:
    Strings     0
    Constant    0
    Data        30
    BSS         9
    Persistent  1
    Stack       0

Auto Spaces:
    Space          Size  Autos    Used
    COMRAM          127      5      45
    BANK0           128      0       0
    BANK1           256      0       0
    BANK2           256      0       0
    BANK3           256      0       0
    BANK4           256      0       0
    BANK5           256      0       0
    BANK6           256      0       0
    BANK7           256      0       0
    BANK8           256      0       0
    BANK9           256      0       0
    BANK10          256      0       0
    BANK11          256      0       0
    BANK12          256      0       0
    BANK13          256      0       0
    BANK14          256      0       0
    BANK15          128      0       0

Pointer List with Targets:

    lat_registers	PTR volatile unsigned char [5] size(2) Largest target is 1
		 -> LATA(BITBIGSFRll[1]), LATB(BITBIGSFRlh[1]), LATC(BITBIGSFRlh[1]), LATD(BITBIGSFRlh[1]), 
		 -> LATE(BITBIGSFRlh[1]), 

    port_registers	PTR volatile unsigned char [5] size(2) Largest target is 1
		 -> PORTA(BITBIGSFRll[1]), PORTB(BITBIGSFRll[1]), PORTC(BITBIGSFRll[1]), PORTD(BITBIGSFRll[1]), 
		 -> PORTE(BITBIGSFRll[1]), 

    tris_registers	PTR volatile unsigned char [5] size(2) Largest target is 1
		 -> TRISA(BITBIGSFRll[1]), TRISB(BITBIGSFRh[1]), TRISC(BITBIGSFRh[1]), TRISD(BITBIGSFRh[1]), 
		 -> TRISE(BITBIGSFRh[1]), 


Critical Paths under _main in COMRAM

    _application_intialize->_gpio_port_direction_intialize

Critical Paths under _main in BANK0

    None.

Critical Paths under _main in BANK1

    None.

Critical Paths under _main in BANK2

    None.

Critical Paths under _main in BANK3

    None.

Critical Paths under _main in BANK4

    None.

Critical Paths under _main in BANK5

    None.

Critical Paths under _main in BANK6

    None.

Critical Paths under _main in BANK7

    None.

Critical Paths under _main in BANK8

    None.

Critical Paths under _main in BANK9

    None.

Critical Paths under _main in BANK10

    None.

Critical Paths under _main in BANK11

    None.

Critical Paths under _main in BANK12

    None.

Critical Paths under _main in BANK13

    None.

Critical Paths under _main in BANK14

    None.

Critical Paths under _main in BANK15

    None.

Call Graph Tables:

 ---------------------------------------------------------------------------------
 (Depth) Function   	        Calls       Base Space   Used Autos Params    Refs
 ---------------------------------------------------------------------------------
 (0) _main                                                 0     0      0     242
              _application_intialize
 ---------------------------------------------------------------------------------
 (1) _application_intialize                                0     0      0     242
      _gpio_port_direction_intialize
 ---------------------------------------------------------------------------------
 (2) _gpio_port_direction_intialize                        5     4      1     242
                                              0 COMRAM     5     4      1
 ---------------------------------------------------------------------------------
 Estimated maximum stack depth 2
 ---------------------------------------------------------------------------------

 Call Graph Graphs:

 _main (ROOT)
   _application_intialize
     _gpio_port_direction_intialize

 Address spaces:
Name               Size   Autos  Total    Cost      Usage
BIGRAM             F7F      0       0      40        0.0%
EEDATA             400      0       0       0        0.0%
BITBANK14          100      0       0      32        0.0%
BANK14             100      0       0      33        0.0%
BITBANK13          100      0       0      30        0.0%
BANK13             100      0       0      31        0.0%
BITBANK12          100      0       0      28        0.0%
BANK12             100      0       0      29        0.0%
BITBANK11          100      0       0      26        0.0%
BANK11             100      0       0      27        0.0%
BITBANK10          100      0       0      24        0.0%
BANK10             100      0       0      25        0.0%
BITBANK9           100      0       0      22        0.0%
BANK9              100      0       0      23        0.0%
BITBANK8           100      0       0      20        0.0%
BANK8              100      0       0      21        0.0%
BITBANK7           100      0       0      18        0.0%
BANK7              100      0       0      19        0.0%
BITBANK6           100      0       0      16        0.0%
BANK6              100      0       0      17        0.0%
BITBANK5           100      0       0      14        0.0%
BANK5              100      0       0      15        0.0%
BITBANK4           100      0       0      12        0.0%
BANK4              100      0       0      13        0.0%
BITBANK3           100      0       0      10        0.0%
BANK3              100      0       0      11        0.0%
BITBANK2           100      0       0       8        0.0%
BANK2              100      0       0       9        0.0%
BITBANK1           100      0       0       6        0.0%
BANK1              100      0       0       7        0.0%
BITBANK15           80      0       0      34        0.0%
BANK15              80      0       0      35        0.0%
BITBANK0            80      0       0       4        0.0%
BANK0               80      0       0       5        0.0%
BITCOMRAM           7F      0       0       0        0.0%
COMRAM              7F      5      2D       1       35.4%
BITBIGSFRh          69      0       0      36        0.0%
BITBIGSFRlh          4      0       0      37        0.0%
BITBIGSFRll          4      0       0      38        0.0%
BIGSFR               0      0       0     200        0.0%
BITSFR               0      0       0     200        0.0%
SFR                  0      0       0     200        0.0%
STACK                0      0       0       2        0.0%
NULL                 0      0       0       0        0.0%
ABS                  0      0      2D      39        0.0%
DATA                 0      0      2D       3        0.0%
CODE                 0      0       0       0        0.0%


Microchip Technology PIC18 Macro Assembler V2.46 build 20240104201356 
Symbol Table                                                                                   Thu May 09 16:14:24 2024

                                   l211 10B6                                     l212 10B6  
                                   l217 10B0                                     l176 1042  
                                   u550 1018                                     u551 1014  
                                   _ret 002D                                     wreg 0FE8  
                                  l1261 1008                                    l1263 1018  
                                  l1271 1098                                    l1265 1020  
                                  l1273 10B2                                    l1267 1040  
                                  l1259 1004                                    _LATA 0F89  
                                  _LATB 0F8A                                    _LATC 0F8B  
                                  _LATD 0F8C                                    _LATE 0F8D  
               ??_application_intialize 002D                                    _main 10B2  
                                  fsr2h 0FDA                                    indf2 0FDF  
                                  fsr1l 0FE1                                    fsr2l 0FD9  
                                  prodl 0FF3                                    start 0000  
                          ___param_bank 0000                                   ?_main 0028  
                   relay_turn_off@F2578 0021                                   _PORTA 0F80  
                                 _PORTB 0F81                                   _PORTC 0F82  
                                 _PORTD 0F83                                   _PORTE 0F84  
                                 _TRISA 0F92                                   _TRISB 0F93  
                                 _TRISC 0F94                                   _TRISD 0F95  
                                 _TRISE 0F96                                   tablat 0FF5  
gpio_port_direction_intialize@direction 0028                         __initialization 1044  
                          __end_of_main 10BE                           _lat_registers 000B  
                                ??_main 002D                           __activetblptr 0002  
                      led_turn_on@F2579 0026          ?_gpio_port_direction_intialize 0028  
                                clear_0 106A                                  isa$std 0001  
                          __pdataCOMRAM 0001                            __mediumconst 0000  
                                tblptrh 0FF7                                  tblptrl 0FF6  
                                tblptru 0FF8                              __accesstop 0080  
               __end_of__initialization 1070                           ___rparam_used 0001  
                        __pcstackCOMRAM 0028                              __pnvCOMRAM 002D  
         __end_of_application_intialize 10B2                    relay_intialize@F2568 0023  
                     led_turn_off@F2584 0025                    led_turn_toggle@F2589 0024  
                        _tris_registers 0015                                 __Hparam 0000  
                               __Lparam 0000                            __psmallconst 1000  
                               __pcinit 1044                                 __ramtop 1000  
                               __ptext0 10B2                                 __ptext1 1098  
                               __ptext2 1002                    end_of_initialization 1070  
                         __Lmediumconst 0000         ??_gpio_port_direction_intialize 0029  
                               postdec1 0FE5                                 postdec2 0FDD  
                               postinc0 0FEE                                 postinc2 0FDE  
                            _motor_pin1 0020                              _motor_pin2 001F  
                    relay_turn_on@F2573 0022                           __pidataCOMRAM 107A  
                   start_initialization 1044   __end_of_gpio_port_direction_intialize 1044  
         _gpio_port_direction_intialize 1002       gpio_port_direction_intialize@port 002C  
                           __pbssCOMRAM 001F                   _application_intialize 1098  
                           __smallconst 1000                               copy_data0 1058  
                ?_application_intialize 0028                                __Hrparam 0000  
                              __Lrparam 0000        gpio_port_direction_intialize@ret 002B  
                    led_intialize@F2574 0027                                isa$xinst 0000  
                        _port_registers 0001  
